Build started 2013/8/23 10:06:39.
     1>Project "D:\mystuff\mini_mcc\mini_mcc.vcxproj" on node 2 (rebuild target(s)).
     1>_PrepareForClean:
         Deleting file "Release\mini_mcc.lastbuildstate".
       InitializeBuildStatus:
         Creating "Release\mini_mcc.unsuccessfulbuild" because "AlwaysCreate" was specified.
       ClCompile:
         D:\Program Files (x86)\Microsoft Visual Studio 10.0\VC\bin\CL.exe /c /Zi /nologo /W3 /WX- /O2 /Oi /Oy- /GL /D WIN32 /D NDEBUG /D _CONSOLE /D _UNICODE /D UNICODE /Gm- /EHsc /MD /GS /Gy /fp:precise /Zc:wchar_t /Zc:forScope /Fo"Release\\" /Fd"Release\vc100.pdb" /Gd /TP /analyze- /errorReport:prompt Compiler.cpp Decl.cpp expr.cpp Lex.cpp main.cpp stmt.cpp
         Compiler.cpp
         Decl.cpp
         expr.cpp
         Lex.cpp
         main.cpp
         stmt.cpp
       Link:
         D:\Program Files (x86)\Microsoft Visual Studio 10.0\VC\bin\link.exe /ERRORREPORT:PROMPT /OUT:"D:\mystuff\mini_mcc\Release\mini_mcc.exe" /INCREMENTAL:NO /NOLOGO kernel32.lib user32.lib gdi32.lib winspool.lib comdlg32.lib advapi32.lib shell32.lib ole32.lib oleaut32.lib uuid.lib odbc32.lib odbccp32.lib /MANIFEST /ManifestFile:"Release\mini_mcc.exe.intermediate.manifest" /MANIFESTUAC:"level='asInvoker' uiAccess='false'" /DEBUG /PDB:"D:\mystuff\mini_mcc\Release\mini_mcc.pdb" /SUBSYSTEM:CONSOLE /OPT:REF /OPT:ICF /LTCG /TLBID:1 /DYNAMICBASE /NXCOMPAT /IMPLIB:"D:\mystuff\mini_mcc\Release\mini_mcc.lib" /MACHINE:X86 Release\Compiler.obj
         Release\Decl.obj
         Release\expr.obj
         Release\Lex.obj
         Release\main.obj
         Release\stmt.obj
         Generating code
         Finished generating code
         mini_mcc.vcxproj -> D:\mystuff\mini_mcc\Release\mini_mcc.exe
       Manifest:
         C:\Program Files (x86)\Microsoft SDKs\Windows\v7.0A\bin\mt.exe /nologo /verbose /outputresource:"D:\mystuff\mini_mcc\Release\mini_mcc.exe;#1" /manifest Release\mini_mcc.exe.intermediate.manifest
       FinalizeBuildStatus:
         Deleting file "Release\mini_mcc.unsuccessfulbuild".
         Touching "Release\mini_mcc.lastbuildstate".
     1>Done Building Project "D:\mystuff\mini_mcc\mini_mcc.vcxproj" (rebuild target(s)).

Build succeeded.

Time Elapsed 00:00:00.95
